The system is: Linux - 6.1.6-zen1-2-zen - x86_64
Compiling the CXX compiler identification source file "CMakeCXXCompilerId.cpp" succeeded.
Compiler: /usr/bin/g++ 
Build flags: 
Id flags:  

The output was:
0


Compilation of the CXX compiler identification source "CMakeCXXCompilerId.cpp" produced "a.out"

The CXX compiler identification is GNU, found in "/home/yegender/Documents/HDD/Projs/avdan-os-dock/build/CMakeFiles/3.25.1/CompilerIdCXX/a.out"

Detecting CXX compiler ABI info compiled with the following output:
Change Dir: /home/yegender/Documents/HDD/Projs/avdan-os-dock/build/CMakeFiles/CMakeScratch/TryCompile-ayKX6h

Run Build Command(s):/usr/bin/ninja cmTC_3fd65 && [1/2] Building CXX object CMakeFiles/cmTC_3fd65.dir/CMakeCXXCompilerABI.cpp.o
Using built-in specs.
COLLECT_GCC=/usr/bin/g++
Target: x86_64-pc-linux-gnu
Configured with: /build/gcc/src/gcc/configure --enable-languages=c,c++,ada,fortran,go,lto,objc,obj-c++,d --enable-bootstrap --prefix=/usr --libdir=/usr/lib --libexecdir=/usr/lib --mandir=/usr/share/man --infodir=/usr/share/info --with-bugurl=https://bugs.archlinux.org/ --with-build-config=bootstrap-lto --with-linker-hash-style=gnu --with-system-zlib --enable-__cxa_atexit --enable-cet=auto --enable-checking=release --enable-clocale=gnu --enable-default-pie --enable-default-ssp --enable-gnu-indirect-function --enable-gnu-unique-object --enable-libstdcxx-backtrace --enable-link-serialization=1 --enable-linker-build-id --enable-lto --enable-multilib --enable-plugin --enable-shared --enable-threads=posix --disable-libssp --disable-libstdcxx-pch --disable-werror
Thread model: posix
Supported LTO compression algorithms: zlib zstd
gcc version 12.2.1 20230111 (GCC) 
COLLECT_GCC_OPTIONS='-v' '-o' 'CMakeFiles/cmTC_3fd65.dir/CMakeCXXCompilerABI.cpp.o' '-c' '-shared-libgcc' '-mtune=generic' '-march=x86-64' '-dumpdir' 'CMakeFiles/cmTC_3fd65.dir/'
 /usr/lib/gcc/x86_64-pc-linux-gnu/12.2.1/cc1plus -quiet -v -D_GNU_SOURCE /usr/share/cmake/Modules/CMakeCXXCompilerABI.cpp -quiet -dumpdir CMakeFiles/cmTC_3fd65.dir/ -dumpbase CMakeCXXCompilerABI.cpp.cpp -dumpbase-ext .cpp -mtune=generic -march=x86-64 -version -o /tmp/ccFjsJmP.s
GNU C++17 (GCC) version 12.2.1 20230111 (x86_64-pc-linux-gnu)
	compiled by GNU C version 12.2.1 20230111, GMP version 6.2.1, MPFR version 4.2.0, MPC version 1.3.1, isl version isl-0.25-GMP

GGC heuristics: --param ggc-min-expand=100 --param ggc-min-heapsize=131072
ignoring nonexistent directory "/usr/lib/gcc/x86_64-pc-linux-gnu/12.2.1/../../../../x86_64-pc-linux-gnu/include"
#include "..." search starts here:
#include <...> search starts here:
 /usr/lib/gcc/x86_64-pc-linux-gnu/12.2.1/../../../../include/c++/12.2.1
 /usr/lib/gcc/x86_64-pc-linux-gnu/12.2.1/../../../../include/c++/12.2.1/x86_64-pc-linux-gnu
 /usr/lib/gcc/x86_64-pc-linux-gnu/12.2.1/../../../../include/c++/12.2.1/backward
 /usr/lib/gcc/x86_64-pc-linux-gnu/12.2.1/include
 /usr/local/include
 /usr/lib/gcc/x86_64-pc-linux-gnu/12.2.1/include-fixed
 /usr/include
End of search list.
GNU C++17 (GCC) version 12.2.1 20230111 (x86_64-pc-linux-gnu)
	compiled by GNU C version 12.2.1 20230111, GMP version 6.2.1, MPFR version 4.2.0, MPC version 1.3.1, isl version isl-0.25-GMP

GGC heuristics: --param ggc-min-expand=100 --param ggc-min-heapsize=131072
Compiler executable checksum: d14869452663722b786a6617dcf7b0b2
COLLECT_GCC_OPTIONS='-v' '-o' 'CMakeFiles/cmTC_3fd65.dir/CMakeCXXCompilerABI.cpp.o' '-c' '-shared-libgcc' '-mtune=generic' '-march=x86-64' '-dumpdir' 'CMakeFiles/cmTC_3fd65.dir/'
 as -v --64 -o CMakeFiles/cmTC_3fd65.dir/CMakeCXXCompilerABI.cpp.o /tmp/ccFjsJmP.s
GNU assembler version 2.40 (x86_64-pc-linux-gnu) using BFD version (GNU Binutils) 2.40
COMPILER_PATH=/usr/lib/gcc/x86_64-pc-linux-gnu/12.2.1/:/usr/lib/gcc/x86_64-pc-linux-gnu/12.2.1/:/usr/lib/gcc/x86_64-pc-linux-gnu/:/usr/lib/gcc/x86_64-pc-linux-gnu/12.2.1/:/usr/lib/gcc/x86_64-pc-linux-gnu/
LIBRARY_PATH=/usr/lib/gcc/x86_64-pc-linux-gnu/12.2.1/:/usr/lib/gcc/x86_64-pc-linux-gnu/12.2.1/../../../../lib/:/lib/../lib/:/usr/lib/../lib/:/usr/lib/gcc/x86_64-pc-linux-gnu/12.2.1/../../../:/lib/:/usr/lib/
COLLECT_GCC_OPTIONS='-v' '-o' 'CMakeFiles/cmTC_3fd65.dir/CMakeCXXCompilerABI.cpp.o' '-c' '-shared-libgcc' '-mtune=generic' '-march=x86-64' '-dumpdir' 'CMakeFiles/cmTC_3fd65.dir/CMakeCXXCompilerABI.cpp.'
[2/2] Linking CXX executable cmTC_3fd65
Using built-in specs.
COLLECT_GCC=/usr/bin/g++
COLLECT_LTO_WRAPPER=/usr/lib/gcc/x86_64-pc-linux-gnu/12.2.1/lto-wrapper
Target: x86_64-pc-linux-gnu
Configured with: /build/gcc/src/gcc/configure --enable-languages=c,c++,ada,fortran,go,lto,objc,obj-c++,d --enable-bootstrap --prefix=/usr --libdir=/usr/lib --libexecdir=/usr/lib --mandir=/usr/share/man --infodir=/usr/share/info --with-bugurl=https://bugs.archlinux.org/ --with-build-config=bootstrap-lto --with-linker-hash-style=gnu --with-system-zlib --enable-__cxa_atexit --enable-cet=auto --enable-checking=release --enable-clocale=gnu --enable-default-pie --enable-default-ssp --enable-gnu-indirect-function --enable-gnu-unique-object --enable-libstdcxx-backtrace --enable-link-serialization=1 --enable-linker-build-id --enable-lto --enable-multilib --enable-plugin --enable-shared --enable-threads=posix --disable-libssp --disable-libstdcxx-pch --disable-werror
Thread model: posix
Supported LTO compression algorithms: zlib zstd
gcc version 12.2.1 20230111 (GCC) 
COMPILER_PATH=/usr/lib/gcc/x86_64-pc-linux-gnu/12.2.1/:/usr/lib/gcc/x86_64-pc-linux-gnu/12.2.1/:/usr/lib/gcc/x86_64-pc-linux-gnu/:/usr/lib/gcc/x86_64-pc-linux-gnu/12.2.1/:/usr/lib/gcc/x86_64-pc-linux-gnu/
LIBRARY_PATH=/usr/lib/gcc/x86_64-pc-linux-gnu/12.2.1/:/usr/lib/gcc/x86_64-pc-linux-gnu/12.2.1/../../../../lib/:/lib/../lib/:/usr/lib/../lib/:/usr/lib/gcc/x86_64-pc-linux-gnu/12.2.1/../../../:/lib/:/usr/lib/
COLLECT_GCC_OPTIONS='-v' '-o' 'cmTC_3fd65' '-shared-libgcc' '-mtune=generic' '-march=x86-64' '-dumpdir' 'cmTC_3fd65.'
 /usr/lib/gcc/x86_64-pc-linux-gnu/12.2.1/collect2 -plugin /usr/lib/gcc/x86_64-pc-linux-gnu/12.2.1/liblto_plugin.so -plugin-opt=/usr/lib/gcc/x86_64-pc-linux-gnu/12.2.1/lto-wrapper -plugin-opt=-fresolution=/tmp/ccVsIOw1.res -plugin-opt=-pass-through=-lgcc_s -plugin-opt=-pass-through=-lgcc -plugin-opt=-pass-through=-lc -plugin-opt=-pass-through=-lgcc_s -plugin-opt=-pass-through=-lgcc --build-id --eh-frame-hdr --hash-style=gnu -m elf_x86_64 -dynamic-linker /lib64/ld-linux-x86-64.so.2 -pie -o cmTC_3fd65 /usr/lib/gcc/x86_64-pc-linux-gnu/12.2.1/../../../../lib/Scrt1.o /usr/lib/gcc/x86_64-pc-linux-gnu/12.2.1/../../../../lib/crti.o /usr/lib/gcc/x86_64-pc-linux-gnu/12.2.1/crtbeginS.o -L/usr/lib/gcc/x86_64-pc-linux-gnu/12.2.1 -L/usr/lib/gcc/x86_64-pc-linux-gnu/12.2.1/../../../../lib -L/lib/../lib -L/usr/lib/../lib -L/usr/lib/gcc/x86_64-pc-linux-gnu/12.2.1/../../.. CMakeFiles/cmTC_3fd65.dir/CMakeCXXCompilerABI.cpp.o -lstdc++ -lm -lgcc_s -lgcc -lc -lgcc_s -lgcc /usr/lib/gcc/x86_64-pc-linux-gnu/12.2.1/crtendS.o /usr/lib/gcc/x86_64-pc-linux-gnu/12.2.1/../../../../lib/crtn.o
COLLECT_GCC_OPTIONS='-v' '-o' 'cmTC_3fd65' '-shared-libgcc' '-mtune=generic' '-march=x86-64' '-dumpdir' 'cmTC_3fd65.'



Parsed CXX implicit include dir info from above output: rv=done
  found start of include info
  found start of implicit include info
    add: [/usr/lib/gcc/x86_64-pc-linux-gnu/12.2.1/../../../../include/c++/12.2.1]
    add: [/usr/lib/gcc/x86_64-pc-linux-gnu/12.2.1/../../../../include/c++/12.2.1/x86_64-pc-linux-gnu]
    add: [/usr/lib/gcc/x86_64-pc-linux-gnu/12.2.1/../../../../include/c++/12.2.1/backward]
    add: [/usr/lib/gcc/x86_64-pc-linux-gnu/12.2.1/include]
    add: [/usr/local/include]
    add: [/usr/lib/gcc/x86_64-pc-linux-gnu/12.2.1/include-fixed]
    add: [/usr/include]
  end of search list found
  collapse include dir [/usr/lib/gcc/x86_64-pc-linux-gnu/12.2.1/../../../../include/c++/12.2.1] ==> [/usr/include/c++/12.2.1]
  collapse include dir [/usr/lib/gcc/x86_64-pc-linux-gnu/12.2.1/../../../../include/c++/12.2.1/x86_64-pc-linux-gnu] ==> [/usr/include/c++/12.2.1/x86_64-pc-linux-gnu]
  collapse include dir [/usr/lib/gcc/x86_64-pc-linux-gnu/12.2.1/../../../../include/c++/12.2.1/backward] ==> [/usr/include/c++/12.2.1/backward]
  collapse include dir [/usr/lib/gcc/x86_64-pc-linux-gnu/12.2.1/include] ==> [/usr/lib/gcc/x86_64-pc-linux-gnu/12.2.1/include]
  collapse include dir [/usr/local/include] ==> [/usr/local/include]
  collapse include dir [/usr/lib/gcc/x86_64-pc-linux-gnu/12.2.1/include-fixed] ==> [/usr/lib/gcc/x86_64-pc-linux-gnu/12.2.1/include-fixed]
  collapse include dir [/usr/include] ==> [/usr/include]
  implicit include dirs: [/usr/include/c++/12.2.1;/usr/include/c++/12.2.1/x86_64-pc-linux-gnu;/usr/include/c++/12.2.1/backward;/usr/lib/gcc/x86_64-pc-linux-gnu/12.2.1/include;/usr/local/include;/usr/lib/gcc/x86_64-pc-linux-gnu/12.2.1/include-fixed;/usr/include]


Parsed CXX implicit link information from above output:
  link line regex: [^( *|.*[/\])(ld|CMAKE_LINK_STARTFILE-NOTFOUND|([^/\]+-)?ld|collect2)[^/\]*( |$)]
  ignore line: [Change Dir: /home/yegender/Documents/HDD/Projs/avdan-os-dock/build/CMakeFiles/CMakeScratch/TryCompile-ayKX6h]
  ignore line: []
  ignore line: [Run Build Command(s):/usr/bin/ninja cmTC_3fd65 && [1/2] Building CXX object CMakeFiles/cmTC_3fd65.dir/CMakeCXXCompilerABI.cpp.o]
  ignore line: [Using built-in specs.]
  ignore line: [COLLECT_GCC=/usr/bin/g++]
  ignore line: [Target: x86_64-pc-linux-gnu]
  ignore line: [Configured with: /build/gcc/src/gcc/configure --enable-languages=c c++ ada fortran go lto objc obj-c++ d --enable-bootstrap --prefix=/usr --libdir=/usr/lib --libexecdir=/usr/lib --mandir=/usr/share/man --infodir=/usr/share/info --with-bugurl=https://bugs.archlinux.org/ --with-build-config=bootstrap-lto --with-linker-hash-style=gnu --with-system-zlib --enable-__cxa_atexit --enable-cet=auto --enable-checking=release --enable-clocale=gnu --enable-default-pie --enable-default-ssp --enable-gnu-indirect-function --enable-gnu-unique-object --enable-libstdcxx-backtrace --enable-link-serialization=1 --enable-linker-build-id --enable-lto --enable-multilib --enable-plugin --enable-shared --enable-threads=posix --disable-libssp --disable-libstdcxx-pch --disable-werror]
  ignore line: [Thread model: posix]
  ignore line: [Supported LTO compression algorithms: zlib zstd]
  ignore line: [gcc version 12.2.1 20230111 (GCC) ]
  ignore line: [COLLECT_GCC_OPTIONS='-v' '-o' 'CMakeFiles/cmTC_3fd65.dir/CMakeCXXCompilerABI.cpp.o' '-c' '-shared-libgcc' '-mtune=generic' '-march=x86-64' '-dumpdir' 'CMakeFiles/cmTC_3fd65.dir/']
  ignore line: [ /usr/lib/gcc/x86_64-pc-linux-gnu/12.2.1/cc1plus -quiet -v -D_GNU_SOURCE /usr/share/cmake/Modules/CMakeCXXCompilerABI.cpp -quiet -dumpdir CMakeFiles/cmTC_3fd65.dir/ -dumpbase CMakeCXXCompilerABI.cpp.cpp -dumpbase-ext .cpp -mtune=generic -march=x86-64 -version -o /tmp/ccFjsJmP.s]
  ignore line: [GNU C++17 (GCC) version 12.2.1 20230111 (x86_64-pc-linux-gnu)]
  ignore line: [	compiled by GNU C version 12.2.1 20230111  GMP version 6.2.1  MPFR version 4.2.0  MPC version 1.3.1  isl version isl-0.25-GMP]
  ignore line: []
  ignore line: [GGC heuristics: --param ggc-min-expand=100 --param ggc-min-heapsize=131072]
  ignore line: [ignoring nonexistent directory "/usr/lib/gcc/x86_64-pc-linux-gnu/12.2.1/../../../../x86_64-pc-linux-gnu/include"]
  ignore line: [#include "..." search starts here:]
  ignore line: [#include <...> search starts here:]
  ignore line: [ /usr/lib/gcc/x86_64-pc-linux-gnu/12.2.1/../../../../include/c++/12.2.1]
  ignore line: [ /usr/lib/gcc/x86_64-pc-linux-gnu/12.2.1/../../../../include/c++/12.2.1/x86_64-pc-linux-gnu]
  ignore line: [ /usr/lib/gcc/x86_64-pc-linux-gnu/12.2.1/../../../../include/c++/12.2.1/backward]
  ignore line: [ /usr/lib/gcc/x86_64-pc-linux-gnu/12.2.1/include]
  ignore line: [ /usr/local/include]
  ignore line: [ /usr/lib/gcc/x86_64-pc-linux-gnu/12.2.1/include-fixed]
  ignore line: [ /usr/include]
  ignore line: [End of search list.]
  ignore line: [GNU C++17 (GCC) version 12.2.1 20230111 (x86_64-pc-linux-gnu)]
  ignore line: [	compiled by GNU C version 12.2.1 20230111  GMP version 6.2.1  MPFR version 4.2.0  MPC version 1.3.1  isl version isl-0.25-GMP]
  ignore line: []
  ignore line: [GGC heuristics: --param ggc-min-expand=100 --param ggc-min-heapsize=131072]
  ignore line: [Compiler executable checksum: d14869452663722b786a6617dcf7b0b2]
  ignore line: [COLLECT_GCC_OPTIONS='-v' '-o' 'CMakeFiles/cmTC_3fd65.dir/CMakeCXXCompilerABI.cpp.o' '-c' '-shared-libgcc' '-mtune=generic' '-march=x86-64' '-dumpdir' 'CMakeFiles/cmTC_3fd65.dir/']
  ignore line: [ as -v --64 -o CMakeFiles/cmTC_3fd65.dir/CMakeCXXCompilerABI.cpp.o /tmp/ccFjsJmP.s]
  ignore line: [GNU assembler version 2.40 (x86_64-pc-linux-gnu) using BFD version (GNU Binutils) 2.40]
  ignore line: [COMPILER_PATH=/usr/lib/gcc/x86_64-pc-linux-gnu/12.2.1/:/usr/lib/gcc/x86_64-pc-linux-gnu/12.2.1/:/usr/lib/gcc/x86_64-pc-linux-gnu/:/usr/lib/gcc/x86_64-pc-linux-gnu/12.2.1/:/usr/lib/gcc/x86_64-pc-linux-gnu/]
  ignore line: [LIBRARY_PATH=/usr/lib/gcc/x86_64-pc-linux-gnu/12.2.1/:/usr/lib/gcc/x86_64-pc-linux-gnu/12.2.1/../../../../lib/:/lib/../lib/:/usr/lib/../lib/:/usr/lib/gcc/x86_64-pc-linux-gnu/12.2.1/../../../:/lib/:/usr/lib/]
  ignore line: [COLLECT_GCC_OPTIONS='-v' '-o' 'CMakeFiles/cmTC_3fd65.dir/CMakeCXXCompilerABI.cpp.o' '-c' '-shared-libgcc' '-mtune=generic' '-march=x86-64' '-dumpdir' 'CMakeFiles/cmTC_3fd65.dir/CMakeCXXCompilerABI.cpp.']
  ignore line: [[2/2] Linking CXX executable cmTC_3fd65]
  ignore line: [Using built-in specs.]
  ignore line: [COLLECT_GCC=/usr/bin/g++]
  ignore line: [COLLECT_LTO_WRAPPER=/usr/lib/gcc/x86_64-pc-linux-gnu/12.2.1/lto-wrapper]
  ignore line: [Target: x86_64-pc-linux-gnu]
  ignore line: [Configured with: /build/gcc/src/gcc/configure --enable-languages=c c++ ada fortran go lto objc obj-c++ d --enable-bootstrap --prefix=/usr --libdir=/usr/lib --libexecdir=/usr/lib --mandir=/usr/share/man --infodir=/usr/share/info --with-bugurl=https://bugs.archlinux.org/ --with-build-config=bootstrap-lto --with-linker-hash-style=gnu --with-system-zlib --enable-__cxa_atexit --enable-cet=auto --enable-checking=release --enable-clocale=gnu --enable-default-pie --enable-default-ssp --enable-gnu-indirect-function --enable-gnu-unique-object --enable-libstdcxx-backtrace --enable-link-serialization=1 --enable-linker-build-id --enable-lto --enable-multilib --enable-plugin --enable-shared --enable-threads=posix --disable-libssp --disable-libstdcxx-pch --disable-werror]
  ignore line: [Thread model: posix]
  ignore line: [Supported LTO compression algorithms: zlib zstd]
  ignore line: [gcc version 12.2.1 20230111 (GCC) ]
  ignore line: [COMPILER_PATH=/usr/lib/gcc/x86_64-pc-linux-gnu/12.2.1/:/usr/lib/gcc/x86_64-pc-linux-gnu/12.2.1/:/usr/lib/gcc/x86_64-pc-linux-gnu/:/usr/lib/gcc/x86_64-pc-linux-gnu/12.2.1/:/usr/lib/gcc/x86_64-pc-linux-gnu/]
  ignore line: [LIBRARY_PATH=/usr/lib/gcc/x86_64-pc-linux-gnu/12.2.1/:/usr/lib/gcc/x86_64-pc-linux-gnu/12.2.1/../../../../lib/:/lib/../lib/:/usr/lib/../lib/:/usr/lib/gcc/x86_64-pc-linux-gnu/12.2.1/../../../:/lib/:/usr/lib/]
  ignore line: [COLLECT_GCC_OPTIONS='-v' '-o' 'cmTC_3fd65' '-shared-libgcc' '-mtune=generic' '-march=x86-64' '-dumpdir' 'cmTC_3fd65.']
  link line: [ /usr/lib/gcc/x86_64-pc-linux-gnu/12.2.1/collect2 -plugin /usr/lib/gcc/x86_64-pc-linux-gnu/12.2.1/liblto_plugin.so -plugin-opt=/usr/lib/gcc/x86_64-pc-linux-gnu/12.2.1/lto-wrapper -plugin-opt=-fresolution=/tmp/ccVsIOw1.res -plugin-opt=-pass-through=-lgcc_s -plugin-opt=-pass-through=-lgcc -plugin-opt=-pass-through=-lc -plugin-opt=-pass-through=-lgcc_s -plugin-opt=-pass-through=-lgcc --build-id --eh-frame-hdr --hash-style=gnu -m elf_x86_64 -dynamic-linker /lib64/ld-linux-x86-64.so.2 -pie -o cmTC_3fd65 /usr/lib/gcc/x86_64-pc-linux-gnu/12.2.1/../../../../lib/Scrt1.o /usr/lib/gcc/x86_64-pc-linux-gnu/12.2.1/../../../../lib/crti.o /usr/lib/gcc/x86_64-pc-linux-gnu/12.2.1/crtbeginS.o -L/usr/lib/gcc/x86_64-pc-linux-gnu/12.2.1 -L/usr/lib/gcc/x86_64-pc-linux-gnu/12.2.1/../../../../lib -L/lib/../lib -L/usr/lib/../lib -L/usr/lib/gcc/x86_64-pc-linux-gnu/12.2.1/../../.. CMakeFiles/cmTC_3fd65.dir/CMakeCXXCompilerABI.cpp.o -lstdc++ -lm -lgcc_s -lgcc -lc -lgcc_s -lgcc /usr/lib/gcc/x86_64-pc-linux-gnu/12.2.1/crtendS.o /usr/lib/gcc/x86_64-pc-linux-gnu/12.2.1/../../../../lib/crtn.o]
    arg [/usr/lib/gcc/x86_64-pc-linux-gnu/12.2.1/collect2] ==> ignore
    arg [-plugin] ==> ignore
    arg [/usr/lib/gcc/x86_64-pc-linux-gnu/12.2.1/liblto_plugin.so] ==> ignore
    arg [-plugin-opt=/usr/lib/gcc/x86_64-pc-linux-gnu/12.2.1/lto-wrapper] ==> ignore
    arg [-plugin-opt=-fresolution=/tmp/ccVsIOw1.res] ==> ignore
    arg [-plugin-opt=-pass-through=-lgcc_s] ==> ignore
    arg [-plugin-opt=-pass-through=-lgcc] ==> ignore
    arg [-plugin-opt=-pass-through=-lc] ==> ignore
    arg [-plugin-opt=-pass-through=-lgcc_s] ==> ignore
    arg [-plugin-opt=-pass-through=-lgcc] ==> ignore
    arg [--build-id] ==> ignore
    arg [--eh-frame-hdr] ==> ignore
    arg [--hash-style=gnu] ==> ignore
    arg [-m] ==> ignore
    arg [elf_x86_64] ==> ignore
    arg [-dynamic-linker] ==> ignore
    arg [/lib64/ld-linux-x86-64.so.2] ==> ignore
    arg [-pie] ==> ignore
    arg [-o] ==> ignore
    arg [cmTC_3fd65] ==> ignore
    arg [/usr/lib/gcc/x86_64-pc-linux-gnu/12.2.1/../../../../lib/Scrt1.o] ==> obj [/usr/lib/gcc/x86_64-pc-linux-gnu/12.2.1/../../../../lib/Scrt1.o]
    arg [/usr/lib/gcc/x86_64-pc-linux-gnu/12.2.1/../../../../lib/crti.o] ==> obj [/usr/lib/gcc/x86_64-pc-linux-gnu/12.2.1/../../../../lib/crti.o]
    arg [/usr/lib/gcc/x86_64-pc-linux-gnu/12.2.1/crtbeginS.o] ==> obj [/usr/lib/gcc/x86_64-pc-linux-gnu/12.2.1/crtbeginS.o]
    arg [-L/usr/lib/gcc/x86_64-pc-linux-gnu/12.2.1] ==> dir [/usr/lib/gcc/x86_64-pc-linux-gnu/12.2.1]
    arg [-L/usr/lib/gcc/x86_64-pc-linux-gnu/12.2.1/../../../../lib] ==> dir [/usr/lib/gcc/x86_64-pc-linux-gnu/12.2.1/../../../../lib]
    arg [-L/lib/../lib] ==> dir [/lib/../lib]
    arg [-L/usr/lib/../lib] ==> dir [/usr/lib/../lib]
    arg [-L/usr/lib/gcc/x86_64-pc-linux-gnu/12.2.1/../../..] ==> dir [/usr/lib/gcc/x86_64-pc-linux-gnu/12.2.1/../../..]
    arg [CMakeFiles/cmTC_3fd65.dir/CMakeCXXCompilerABI.cpp.o] ==> ignore
    arg [-lstdc++] ==> lib [stdc++]
    arg [-lm] ==> lib [m]
    arg [-lgcc_s] ==> lib [gcc_s]
    arg [-lgcc] ==> lib [gcc]
    arg [-lc] ==> lib [c]
    arg [-lgcc_s] ==> lib [gcc_s]
    arg [-lgcc] ==> lib [gcc]
    arg [/usr/lib/gcc/x86_64-pc-linux-gnu/12.2.1/crtendS.o] ==> obj [/usr/lib/gcc/x86_64-pc-linux-gnu/12.2.1/crtendS.o]
    arg [/usr/lib/gcc/x86_64-pc-linux-gnu/12.2.1/../../../../lib/crtn.o] ==> obj [/usr/lib/gcc/x86_64-pc-linux-gnu/12.2.1/../../../../lib/crtn.o]
  collapse obj [/usr/lib/gcc/x86_64-pc-linux-gnu/12.2.1/../../../../lib/Scrt1.o] ==> [/usr/lib/Scrt1.o]
  collapse obj [/usr/lib/gcc/x86_64-pc-linux-gnu/12.2.1/../../../../lib/crti.o] ==> [/usr/lib/crti.o]
  collapse obj [/usr/lib/gcc/x86_64-pc-linux-gnu/12.2.1/../../../../lib/crtn.o] ==> [/usr/lib/crtn.o]
  collapse library dir [/usr/lib/gcc/x86_64-pc-linux-gnu/12.2.1] ==> [/usr/lib/gcc/x86_64-pc-linux-gnu/12.2.1]
  collapse library dir [/usr/lib/gcc/x86_64-pc-linux-gnu/12.2.1/../../../../lib] ==> [/usr/lib]
  collapse library dir [/lib/../lib] ==> [/lib]
  collapse library dir [/usr/lib/../lib] ==> [/usr/lib]
  collapse library dir [/usr/lib/gcc/x86_64-pc-linux-gnu/12.2.1/../../..] ==> [/usr/lib]
  implicit libs: [stdc++;m;gcc_s;gcc;c;gcc_s;gcc]
  implicit objs: [/usr/lib/Scrt1.o;/usr/lib/crti.o;/usr/lib/gcc/x86_64-pc-linux-gnu/12.2.1/crtbeginS.o;/usr/lib/gcc/x86_64-pc-linux-gnu/12.2.1/crtendS.o;/usr/lib/crtn.o]
  implicit dirs: [/usr/lib/gcc/x86_64-pc-linux-gnu/12.2.1;/usr/lib;/lib]
  implicit fwks: []


Determining if the function XOpenDisplay exists in the /usr/lib/libX11.so;/usr/lib/libXext.so passed with the following output:
Change Dir: /home/yegender/Documents/HDD/Projs/avdan-os-dock/build/CMakeFiles/CMakeScratch/TryCompile-1ieyBw

Run Build Command(s):/usr/bin/ninja cmTC_2a8ce && [1/2] Building CXX object CMakeFiles/cmTC_2a8ce.dir/CheckFunctionExists.cxx.o
[2/2] Linking CXX executable cmTC_2a8ce



Determining if the function gethostbyname exists passed with the following output:
Change Dir: /home/yegender/Documents/HDD/Projs/avdan-os-dock/build/CMakeFiles/CMakeScratch/TryCompile-e410Sn

Run Build Command(s):/usr/bin/ninja cmTC_c8ce7 && [1/2] Building CXX object CMakeFiles/cmTC_c8ce7.dir/CheckFunctionExists.cxx.o
[2/2] Linking CXX executable cmTC_c8ce7



Determining if the function connect exists passed with the following output:
Change Dir: /home/yegender/Documents/HDD/Projs/avdan-os-dock/build/CMakeFiles/CMakeScratch/TryCompile-tGAqxV

Run Build Command(s):/usr/bin/ninja cmTC_dd5f6 && [1/2] Building CXX object CMakeFiles/cmTC_dd5f6.dir/CheckFunctionExists.cxx.o
[2/2] Linking CXX executable cmTC_dd5f6



Determining if the function remove exists passed with the following output:
Change Dir: /home/yegender/Documents/HDD/Projs/avdan-os-dock/build/CMakeFiles/CMakeScratch/TryCompile-ZQyiGC

Run Build Command(s):/usr/bin/ninja cmTC_8df06 && [1/2] Building CXX object CMakeFiles/cmTC_8df06.dir/CheckFunctionExists.cxx.o
[2/2] Linking CXX executable cmTC_8df06



Determining if the function shmat exists passed with the following output:
Change Dir: /home/yegender/Documents/HDD/Projs/avdan-os-dock/build/CMakeFiles/CMakeScratch/TryCompile-hnUfNs

Run Build Command(s):/usr/bin/ninja cmTC_bc6b7 && [1/2] Building CXX object CMakeFiles/cmTC_bc6b7.dir/CheckFunctionExists.cxx.o
[2/2] Linking CXX executable cmTC_bc6b7



Determining if the function IceConnectionNumber exists in the ICE passed with the following output:
Change Dir: /home/yegender/Documents/HDD/Projs/avdan-os-dock/build/CMakeFiles/CMakeScratch/TryCompile-zOf5XC

Run Build Command(s):/usr/bin/ninja cmTC_84167 && [1/2] Building CXX object CMakeFiles/cmTC_84167.dir/CheckFunctionExists.cxx.o
[2/2] Linking CXX executable cmTC_84167



